0 info it worked if it ends with ok
1 verbose cli [ '/Users/liorshe/.nvm/versions/node/v6.7.0/bin/node',
1 verbose cli   '/Users/liorshe/.nvm/versions/node/v6.7.0/bin/npm',
1 verbose cli   'run',
1 verbose cli   'dev' ]
2 info using npm@3.10.3
3 info using node@v6.7.0
4 verbose run-script [ 'predev', 'dev', 'postdev' ]
5 info lifecycle @~predev: @
6 silly lifecycle @~predev: no script for predev, continuing
7 info lifecycle @~dev: @
8 verbose lifecycle @~dev: unsafe-perm in lifecycle true
9 verbose lifecycle @~dev: PATH: /Users/liorshe/.nvm/versions/node/v6.7.0/lib/node_modules/npm/bin/node-gyp-bin:/Users/liorshe/Projects/nextjsbeta/node_modules/.bin:/Users/liorshe/.nvm/versions/node/v6.7.0/bin:/Users/liorshe/.nvm/versions/node/v6.7.0/bin:/usr/local/bin:/usr/bin:/bin:/usr/sbin:/sbin:/usr/local/MacGPG2/bin:/opt/apache-maven-3.3.3/bin:
10 verbose lifecycle @~dev: CWD: /Users/liorshe/Projects/nextjsbeta
11 silly lifecycle @~dev: Args: [ '-c', 'next' ]
12 silly lifecycle @~dev: Returned: code: 1  signal: null
13 info lifecycle @~dev: Failed to exec dev script
14 verbose stack Error: @ dev: `next`
14 verbose stack Exit status 1
14 verbose stack     at EventEmitter.<anonymous> (/Users/liorshe/.nvm/versions/node/v6.7.0/lib/node_modules/npm/lib/utils/lifecycle.js:242:16)
14 verbose stack     at emitTwo (events.js:106:13)
14 verbose stack     at EventEmitter.emit (events.js:191:7)
14 verbose stack     at ChildProcess.<anonymous> (/Users/liorshe/.nvm/versions/node/v6.7.0/lib/node_modules/npm/lib/utils/spawn.js:40:14)
14 verbose stack     at emitTwo (events.js:106:13)
14 verbose stack     at ChildProcess.emit (events.js:191:7)
14 verbose stack     at maybeClose (internal/child_process.js:877:16)
14 verbose stack     at Process.ChildProcess._handle.onexit (internal/child_process.js:226:5)
15 verbose pkgid @
16 verbose cwd /Users/liorshe/Projects/nextjsbeta
17 error Darwin 15.6.0
18 error argv "/Users/liorshe/.nvm/versions/node/v6.7.0/bin/node" "/Users/liorshe/.nvm/versions/node/v6.7.0/bin/npm" "run" "dev"
19 error node v6.7.0
20 error npm  v3.10.3
21 error code ELIFECYCLE
22 error @ dev: `next`
22 error Exit status 1
23 error Failed at the @ dev script 'next'.
23 error Make sure you have the latest version of node.js and npm installed.
23 error If you do, this is most likely a problem with the  package,
23 error not with npm itself.
23 error Tell the author that this fails on your system:
23 error     next
23 error You can get information on how to open an issue for this project with:
23 error     npm bugs
23 error Or if that isn't available, you can get their info via:
23 error     npm owner ls
23 error There is likely additional logging output above.
24 verbose exit [ 1, true ]
